Mon, 15 Sep 2008 06:50:07 GMT  ~  info  ~  Logfile created
 ~ Loaded DEVELOPMENT Environment...
 ~ loading gem 'merb_datamapper' ...
 ~ loading gem 'dm-is-tree' ...
 ~ loading gem 'dm-observer' ...
 ~ loading gem 'dm-is-list' ...
 ~ loading gem 'dm-validations' ...
 ~ loading gem 'dm-timestamps' ...
 ~ loading gem 'dm-types' ...
 ~ loading gem 'merb-haml' ...
 ~ loading gem 'merb-assets' ...
 ~ loading gem 'merb-action-args' ...
 ~ loading gem 'merb_helpers' ...
 ~ loading gem 'haml' ...
 ~ loading gem 'lib/core_ext' ...
 ~ loading gem 'lib/admin_controller' ...
 ~ loading gem 'dm-core' ...
 ~ Connecting to database...
 ~ Could not load /Users/lukesutton/Code/low-fat/app/models/article.rb:

uninitialized constant Glutton::Content::Boolean - (NameError)

/Users/lukesutton/Code/low-fat/app/models/article.rb:6:in `included'
/Users/lukesutton/Code/low-fat/app/models/article.rb:4:in `class_eval'
/Users/lukesutton/Code/low-fat/app/models/article.rb:4:in `included'
/Users/lukesutton/Code/low-fat/app/models/article.rb:19:in `include'
/Users/lukesutton/Code/low-fat/app/models/article.rb:19
/opt/local/lib/ruby/gems/1.8/gems/merb-core-0.9.6/lib/merb-core/bootloader.rb:380:in `load'
/opt/local/lib/ruby/gems/1.8/gems/merb-core-0.9.6/lib/merb-core/bootloader.rb:380:in `load_file'
/opt/local/lib/ruby/gems/1.8/gems/merb-core-0.9.6/lib/merb-core/bootloader.rb:478:in `load_classes_with_requirements'
/opt/local/lib/ruby/gems/1.8/gems/merb-core-0.9.6/lib/merb-core/bootloader.rb:475:in `each'
/opt/local/lib/ruby/gems/1.8/gems/merb-core-0.9.6/lib/merb-core/bootloader.rb:475:in `load_classes_with_requirements'
/opt/local/lib/ruby/gems/1.8/gems/merb-core-0.9.6/lib/merb-core/bootloader.rb:400:in `load_classes'
/opt/local/lib/ruby/gems/1.8/gems/merb-core-0.9.6/lib/merb-core/bootloader.rb:370:in `run'
/opt/local/lib/ruby/gems/1.8/gems/merb-core-0.9.6/lib/merb-core/vendor/facets/dictionary.rb:268:in `each'
/opt/local/lib/ruby/gems/1.8/gems/merb-core-0.9.6/lib/merb-core/vendor/facets/dictionary.rb:268:in `each'
/opt/local/lib/ruby/gems/1.8/gems/merb-core-0.9.6/lib/merb-core/bootloader.rb:368:in `run'
/opt/local/lib/ruby/gems/1.8/gems/merb-core-0.9.6/lib/merb-core/bootloader.rb:69:in `run'
/opt/local/lib/ruby/gems/1.8/gems/merb-core-0.9.6/lib/merb-core/server.rb:127:in `daemonize'
/opt/local/lib/ruby/gems/1.8/gems/merb-core-0.9.6/lib/merb-core/server.rb:116:in `fork'
/opt/local/lib/ruby/gems/1.8/gems/merb-core-0.9.6/lib/merb-core/server.rb:116:in `daemonize'
/opt/local/lib/ruby/gems/1.8/gems/merb-core-0.9.6/lib/merb-core/server.rb:43:in `start'
/opt/local/lib/ruby/gems/1.8/gems/merb-core-0.9.6/lib/merb-core.rb:93:in `start'
/opt/local/lib/ruby/gems/1.8/gems/merb-core-0.9.6/bin/merb:41
/opt/local/bin/merb:19:in `load'
/opt/local/bin/merb:19
 ~ Loaded DEVELOPMENT Environment...
 ~ loading gem 'merb_datamapper' ...
 ~ loading gem 'dm-is-tree' ...
 ~ loading gem 'dm-observer' ...
 ~ loading gem 'dm-is-list' ...
 ~ loading gem 'dm-validations' ...
 ~ loading gem 'dm-timestamps' ...
 ~ loading gem 'dm-types' ...
 ~ loading gem 'merb-haml' ...
 ~ loading gem 'merb-assets' ...
 ~ loading gem 'merb-action-args' ...
 ~ loading gem 'merb_helpers' ...
 ~ loading gem 'haml' ...
 ~ loading gem 'lib/core_ext' ...
 ~ loading gem 'lib/admin_controller' ...
 ~ loading gem 'dm-core' ...
 ~ Connecting to database...
 ~ Could not load /Users/lukesutton/Code/low-fat/app/models/article.rb:

uninitialized constant Glutton::Content::Boolean - (NameError)

/Users/lukesutton/Code/low-fat/app/models/article.rb:7:in `included'
/Users/lukesutton/Code/low-fat/app/models/article.rb:4:in `class_eval'
/Users/lukesutton/Code/low-fat/app/models/article.rb:4:in `included'
/Users/lukesutton/Code/low-fat/app/models/article.rb:20:in `include'
/Users/lukesutton/Code/low-fat/app/models/article.rb:20
/opt/local/lib/ruby/gems/1.8/gems/merb-core-0.9.6/lib/merb-core/bootloader.rb:380:in `load'
/opt/local/lib/ruby/gems/1.8/gems/merb-core-0.9.6/lib/merb-core/bootloader.rb:380:in `load_file'
/opt/local/lib/ruby/gems/1.8/gems/merb-core-0.9.6/lib/merb-core/bootloader.rb:478:in `load_classes_with_requirements'
/opt/local/lib/ruby/gems/1.8/gems/merb-core-0.9.6/lib/merb-core/bootloader.rb:475:in `each'
/opt/local/lib/ruby/gems/1.8/gems/merb-core-0.9.6/lib/merb-core/bootloader.rb:475:in `load_classes_with_requirements'
/opt/local/lib/ruby/gems/1.8/gems/merb-core-0.9.6/lib/merb-core/bootloader.rb:400:in `load_classes'
/opt/local/lib/ruby/gems/1.8/gems/merb-core-0.9.6/lib/merb-core/bootloader.rb:370:in `run'
/opt/local/lib/ruby/gems/1.8/gems/merb-core-0.9.6/lib/merb-core/vendor/facets/dictionary.rb:268:in `each'
/opt/local/lib/ruby/gems/1.8/gems/merb-core-0.9.6/lib/merb-core/vendor/facets/dictionary.rb:268:in `each'
/opt/local/lib/ruby/gems/1.8/gems/merb-core-0.9.6/lib/merb-core/bootloader.rb:368:in `run'
/opt/local/lib/ruby/gems/1.8/gems/merb-core-0.9.6/lib/merb-core/bootloader.rb:69:in `run'
/opt/local/lib/ruby/gems/1.8/gems/merb-core-0.9.6/lib/merb-core/server.rb:127:in `daemonize'
/opt/local/lib/ruby/gems/1.8/gems/merb-core-0.9.6/lib/merb-core/server.rb:116:in `fork'
/opt/local/lib/ruby/gems/1.8/gems/merb-core-0.9.6/lib/merb-core/server.rb:116:in `daemonize'
/opt/local/lib/ruby/gems/1.8/gems/merb-core-0.9.6/lib/merb-core/server.rb:43:in `start'
/opt/local/lib/ruby/gems/1.8/gems/merb-core-0.9.6/lib/merb-core.rb:93:in `start'
/opt/local/lib/ruby/gems/1.8/gems/merb-core-0.9.6/bin/merb:41
/opt/local/bin/merb:19:in `load'
/opt/local/bin/merb:19
 ~ Loaded DEVELOPMENT Environment...
 ~ loading gem 'merb_datamapper' ...
 ~ loading gem 'dm-is-tree' ...
 ~ loading gem 'dm-observer' ...
 ~ loading gem 'dm-is-list' ...
 ~ loading gem 'dm-validations' ...
 ~ loading gem 'dm-timestamps' ...
 ~ loading gem 'dm-types' ...
 ~ loading gem 'merb-haml' ...
 ~ loading gem 'merb-assets' ...
 ~ loading gem 'merb-action-args' ...
 ~ loading gem 'merb_helpers' ...
 ~ loading gem 'haml' ...
 ~ loading gem 'lib/core_ext' ...
 ~ loading gem 'lib/admin_controller' ...
 ~ loading gem 'dm-core' ...
 ~ Connecting to database...
 ~ Compiling routes...
 ~ Using Mongrel adapter
 ~ Loaded DEVELOPMENT Environment...
 ~ loading gem 'merb_datamapper' ...
 ~ loading gem 'dm-is-tree' ...
 ~ loading gem 'dm-observer' ...
 ~ loading gem 'dm-is-list' ...
 ~ loading gem 'dm-validations' ...
 ~ loading gem 'dm-timestamps' ...
 ~ loading gem 'dm-types' ...
 ~ loading gem 'merb-haml' ...
 ~ loading gem 'merb-assets' ...
 ~ loading gem 'merb-action-args' ...
 ~ loading gem 'merb_helpers' ...
 ~ loading gem 'haml' ...
 ~ loading gem 'lib/core_ext' ...
 ~ loading gem 'lib/admin_controller' ...
 ~ loading gem 'dm-core' ...
 ~ Connecting to database...
 ~ Compiling routes...
 ~ Using Mongrel adapter
 ~ Started request handling: Thu Sep 18 08:52:19 +0930 2008
 ~ Params: {"action"=>"index", "namespace"=>"admin", "controller"=>"content"}
 ~ {:after_filters_time=>2.7e-05, :dispatch_time=>0.005739, :before_filters_time=>1.4e-05, :action_time=>0.005283}
 ~ 

 ~ Started request handling: Thu Sep 18 08:52:22 +0930 2008
 ~ Params: {"format"=>nil, "action"=>"index", "namespace"=>"admin", "controller"=>"pages"}
 ~ {:after_filters_time=>2.1e-05, :dispatch_time=>0.124671, :before_filters_time=>1.6e-05, :action_time=>0.124294}
 ~ 

 ~ Started request handling: Thu Sep 18 08:52:25 +0930 2008
 ~ Params: {"format"=>nil, "action"=>"show", "id"=>"3", "namespace"=>"admin", "controller"=>"pages"}
 ~ {:after_filters_time=>1.3e-05, :dispatch_time=>0.077388, :before_filters_time=>0.001458, :action_time=>0.077012}
 ~ 

 ~ Started request handling: Thu Sep 18 08:52:26 +0930 2008
 ~ Params: {"format"=>nil, "action"=>"index", "namespace"=>"admin", "controller"=>"pages"}
 ~ {:after_filters_time=>1.3e-05, :dispatch_time=>0.01028, :before_filters_time=>1.7e-05, :action_time=>0.009751}
 ~ 

 ~ Started request handling: Thu Sep 18 08:58:19 +0930 2008
 ~ Params: {"action"=>"index", "namespace"=>"admin", "controller"=>"content"}
 ~ {:after_filters_time=>1.2e-05, :dispatch_time=>0.005347, :before_filters_time=>1.1e-05, :action_time=>0.004965}
 ~ 

 ~ Started request handling: Thu Sep 18 08:58:20 +0930 2008
 ~ Params: {"format"=>nil, "action"=>"index", "namespace"=>"admin", "controller"=>"dialects"}
 ~ {:after_filters_time=>4.2e-05, :dispatch_time=>0.011737, :before_filters_time=>1.6e-05, :action_time=>0.011388}
 ~ 

 ~ Started request handling: Thu Sep 18 08:58:23 +0930 2008
 ~ Params: {"action"=>"index", "namespace"=>"admin", "controller"=>"content"}
 ~ {:after_filters_time=>2.4e-05, :dispatch_time=>0.00571, :before_filters_time=>2.0e-05, :action_time=>0.005219}
 ~ 

 ~ Started request handling: Thu Sep 18 08:58:24 +0930 2008
 ~ Params: {"format"=>nil, "action"=>"index", "namespace"=>"admin", "controller"=>"locales"}
 ~ {:after_filters_time=>1.9e-05, :dispatch_time=>0.028683, :before_filters_time=>1.5e-05, :action_time=>0.028329}
 ~ 

 ~ Started request handling: Thu Sep 18 08:58:25 +0930 2008
 ~ Params: {"action"=>"index", "namespace"=>"admin", "controller"=>"content"}
 ~ {:after_filters_time=>1.2e-05, :dispatch_time=>0.005457, :before_filters_time=>1.2e-05, :action_time=>0.004917}
 ~ 

 ~ Started request handling: Thu Sep 18 14:55:39 +0930 2008
 ~ Params: {"format"=>nil, "action"=>"index", "namespace"=>"admin", "controller"=>"dialects"}
 ~ {:after_filters_time=>1.2e-05, :dispatch_time=>0.01111, :before_filters_time=>1.8e-05, :action_time=>0.010701}
 ~ 

 ~ Started request handling: Thu Sep 18 14:55:41 +0930 2008
 ~ Params: {"action"=>"index", "namespace"=>"admin", "controller"=>"content"}
 ~ {:after_filters_time=>1.2e-05, :dispatch_time=>0.005334, :before_filters_time=>1.2e-05, :action_time=>0.004952}
 ~ 

 ~ Started request handling: Thu Sep 18 15:36:45 +0930 2008
 ~ Params: {"format"=>nil, "action"=>"index", "namespace"=>"admin", "controller"=>"pages"}
 ~ {:after_filters_time=>1.2e-05, :dispatch_time=>0.011373, :before_filters_time=>1.8e-05, :action_time=>0.010947}
 ~ 

 ~ Started request handling: Thu Sep 18 15:36:47 +0930 2008
 ~ Params: {"action"=>"index", "namespace"=>"admin", "controller"=>"content"}
 ~ {:after_filters_time=>1.3e-05, :dispatch_time=>0.005155, :before_filters_time=>1.2e-05, :action_time=>0.004779}
 ~ 

 ~ Started request handling: Thu Sep 18 15:40:29 +0930 2008
 ~ Params: {"format"=>nil, "action"=>"index", "namespace"=>"admin", "controller"=>"templates"}
 ~ {:after_filters_time=>2.1e-05, :dispatch_time=>0.068328, :before_filters_time=>1.7e-05, :action_time=>0.067956}
 ~ 

 ~ Started request handling: Thu Sep 18 16:20:36 +0930 2008
 ~ Params: {"format"=>nil, "action"=>"index", "namespace"=>"admin", "controller"=>"templates"}
 ~ {:after_filters_time=>2.0e-05, :dispatch_time=>0.015288, :before_filters_time=>1.7e-05, :action_time=>0.014517}
 ~ 

 ~ Started request handling: Thu Sep 18 17:04:05 +0930 2008
 ~ Params: {"format"=>nil, "action"=>"index", "namespace"=>"admin", "controller"=>"templates"}
 ~ {:after_filters_time=>2.3e-05, :dispatch_time=>0.015506, :before_filters_time=>1.7e-05, :action_time=>0.015129}
 ~ 

 ~ Started request handling: Fri Sep 19 09:38:34 +0930 2008
 ~ Params: {"action"=>"edit", "id"=>"11", "namespace"=>"admin", "controller"=>"templates"}
 ~ {:after_filters_time=>1.9e-05, :dispatch_time=>0.010127, :before_filters_time=>0.002411, :action_time=>0.009747}
 ~ 

 ~ Started request handling: Fri Sep 19 09:38:36 +0930 2008
 ~ Params: {"format"=>nil, "submit"=>"Save", "action"=>"update", "template"=>{"name"=>"", "format"=>"html", "language"=>"haml", "file_name"=>"unoecumenical", "type"=>"view"}, "_method"=>"put", "id"=>"11", "namespace"=>"admin", "controller"=>"templates"}
 ~ {:after_filters_time=>1.3e-05, :dispatch_time=>0.009587, :before_filters_time=>0.001326, :action_time=>0.008866}
 ~ 

 ~ Started request handling: Fri Sep 19 10:23:39 +0930 2008
 ~ Params: {"action"=>"index", "namespace"=>"admin", "controller"=>"content"}
 ~ {:after_filters_time=>1.2e-05, :dispatch_time=>0.005453, :before_filters_time=>1.2e-05, :action_time=>0.004977}
 ~ 

 ~ Started request handling: Fri Sep 19 10:23:40 +0930 2008
 ~ Params: {"format"=>nil, "action"=>"index", "namespace"=>"admin", "controller"=>"dialects"}
 ~ {:after_filters_time=>1.2e-05, :dispatch_time=>0.010688, :before_filters_time=>1.8e-05, :action_time=>0.010336}
 ~ 

 ~ Started request handling: Fri Sep 19 11:29:10 +0930 2008
 ~ Params: {"action"=>"index", "namespace"=>"admin", "controller"=>"content"}
 ~ {:after_filters_time=>1.2e-05, :dispatch_time=>0.005191, :before_filters_time=>1.2e-05, :action_time=>0.00477}
 ~ 

 ~ Started request handling: Fri Sep 19 11:29:12 +0930 2008
 ~ Params: {"format"=>nil, "action"=>"index", "namespace"=>"admin", "controller"=>"locales"}
 ~ {:after_filters_time=>2.0e-05, :dispatch_time=>0.014856, :before_filters_time=>1.5e-05, :action_time=>0.014506}
 ~ 

 ~ Started request handling: Fri Sep 19 14:09:18 +0930 2008
 ~ Params: {"action"=>"show", "controller"=>"public/pages", "path"=>"/"}
 ~ Merb::ControllerExceptions::NotFound - (Merb::ControllerExceptions::NotFound)
/Users/lukesutton/Code/low-fat/app/controllers/public/pages.rb:13:in `show'
/opt/local/lib/ruby/gems/1.8/gems/merb-action-args-0.9.6/lib/merb-action-args/abstract_controller.rb:35:in `__send__'
/opt/local/lib/ruby/gems/1.8/gems/merb-action-args-0.9.6/lib/merb-action-args/abstract_controller.rb:35:in `_call_action'
/opt/local/lib/ruby/gems/1.8/gems/merb-core-0.9.6/lib/merb-core/controller/abstract_controller.rb:254:in `_dispatch'
/opt/local/lib/ruby/gems/1.8/gems/merb-core-0.9.6/lib/merb-core/controller/merb_controller.rb:190:in `_dispatch'
/opt/local/lib/ruby/gems/1.8/gems/merb-core-0.9.6/lib/merb-core/dispatch/dispatcher.rb:115:in `dispatch_action'
/opt/local/lib/ruby/gems/1.8/gems/merb-core-0.9.6/lib/merb-core/dispatch/dispatcher.rb:115:in `synchronize'
/opt/local/lib/ruby/gems/1.8/gems/merb-core-0.9.6/lib/merb-core/dispatch/dispatcher.rb:115:in `dispatch_action'
/opt/local/lib/ruby/gems/1.8/gems/merb-core-0.9.6/lib/merb-core/dispatch/dispatcher.rb:61:in `handle'
/opt/local/lib/ruby/gems/1.8/gems/merb-core-0.9.6/lib/merb-core/dispatch/dispatcher.rb:29:in `handle'
/opt/local/lib/ruby/gems/1.8/gems/merb-core-0.9.6/lib/merb-core/rack/application.rb:7:in `call_without_sass'
/opt/local/lib/ruby/gems/1.8/gems/haml-2.0.3/lib/sass/plugin/merb.rb:34:in `call'
/opt/local/lib/ruby/gems/1.8/gems/merb-core-0.9.6/lib/merb-core/rack/middleware/static.rb:22:in `call'
/opt/local/lib/ruby/gems/1.8/gems/merb-core-0.9.6/lib/merb-core/rack/handler/mongrel.rb:72:in `process'
/opt/local/lib/ruby/gems/1.8/gems/mongrel-1.1.4/lib/mongrel.rb:159:in `process_client'
/opt/local/lib/ruby/gems/1.8/gems/mongrel-1.1.4/lib/mongrel.rb:158:in `each'
/opt/local/lib/ruby/gems/1.8/gems/mongrel-1.1.4/lib/mongrel.rb:158:in `process_client'
/opt/local/lib/ruby/gems/1.8/gems/mongrel-1.1.4/lib/mongrel.rb:285:in `run'
/opt/local/lib/ruby/gems/1.8/gems/mongrel-1.1.4/lib/mongrel.rb:285:in `initialize'
/opt/local/lib/ruby/gems/1.8/gems/mongrel-1.1.4/lib/mongrel.rb:285:in `new'
/opt/local/lib/ruby/gems/1.8/gems/mongrel-1.1.4/lib/mongrel.rb:285:in `run'
/opt/local/lib/ruby/gems/1.8/gems/mongrel-1.1.4/lib/mongrel.rb:268:in `initialize'
/opt/local/lib/ruby/gems/1.8/gems/mongrel-1.1.4/lib/mongrel.rb:268:in `new'
/opt/local/lib/ruby/gems/1.8/gems/mongrel-1.1.4/lib/mongrel.rb:268:in `run'
/opt/local/lib/ruby/gems/1.8/gems/merb-core-0.9.6/lib/merb-core/rack/adapter/mongrel.rb:22:in `start'
/opt/local/lib/ruby/gems/1.8/gems/merb-core-0.9.6/lib/merb-core/server.rb:128:in `daemonize'
/opt/local/lib/ruby/gems/1.8/gems/merb-core-0.9.6/lib/merb-core/server.rb:116:in `fork'
/opt/local/lib/ruby/gems/1.8/gems/merb-core-0.9.6/lib/merb-core/server.rb:116:in `daemonize'
/opt/local/lib/ruby/gems/1.8/gems/merb-core-0.9.6/lib/merb-core/server.rb:43:in `start'
/opt/local/lib/ruby/gems/1.8/gems/merb-core-0.9.6/lib/merb-core.rb:93:in `start'
/opt/local/lib/ruby/gems/1.8/gems/merb-core-0.9.6/bin/merb:41
/opt/local/bin/merb:18:in `load'
/opt/local/bin/merb:18
 ~ Params: {"action"=>"show", "controller"=>"public/pages", "path"=>"/"}
 ~ 

 ~ Started request handling: Fri Sep 19 14:09:52 +0930 2008
 ~ Params: {"format"=>nil, "action"=>"index", "namespace"=>"admin", "controller"=>"pages"}
 ~ {:after_filters_time=>1.2e-05, :dispatch_time=>0.010963, :before_filters_time=>1.8e-05, :action_time=>0.010588}
 ~ 

 ~ Started request handling: Fri Sep 19 14:09:55 +0930 2008
 ~ Params: {"format"=>nil, "action"=>"show", "id"=>"3", "namespace"=>"admin", "controller"=>"pages"}
 ~ {:after_filters_time=>1.2e-05, :dispatch_time=>0.029864, :before_filters_time=>0.001391, :action_time=>0.029436}
 ~ 

 ~ Started request handling: Fri Sep 19 14:09:57 +0930 2008
 ~ Params: {"action"=>"edit", "page_id"=>"3", "id"=>"14", "namespace"=>"admin", "controller"=>"page_localizations"}
 ~ {:after_filters_time=>2.1e-05, :dispatch_time=>0.01847, :before_filters_time=>1.6e-05, :action_time=>0.018049}
 ~ 

 ~ Started request handling: Fri Sep 19 14:09:59 +0930 2008
 ~ Params: {"format"=>nil, "action"=>"show", "id"=>"3", "namespace"=>"admin", "controller"=>"pages"}
 ~ {:after_filters_time=>1.3e-05, :dispatch_time=>0.026796, :before_filters_time=>0.001416, :action_time=>0.026276}
 ~ 

 ~ Started request handling: Fri Sep 19 14:10:01 +0930 2008
 ~ Params: {"action"=>"edit", "page_id"=>"3", "id"=>"17", "namespace"=>"admin", "controller"=>"page_localizations"}
 ~ {:after_filters_time=>1.2e-05, :dispatch_time=>0.013503, :before_filters_time=>1.1e-05, :action_time=>0.013096}
 ~ 

 ~ Started request handling: Fri Sep 19 14:10:03 +0930 2008
 ~ Params: {"format"=>nil, "action"=>"show", "id"=>"3", "namespace"=>"admin", "controller"=>"pages"}
 ~ {:after_filters_time=>1.3e-05, :dispatch_time=>0.03158, :before_filters_time=>0.001488, :action_time=>0.031198}
 ~ 

 ~ Started request handling: Fri Sep 19 14:12:15 +0930 2008
 ~ Params: {"format"=>nil, "action"=>"show", "id"=>"3", "namespace"=>"admin", "controller"=>"pages"}
 ~ {:after_filters_time=>1.2e-05, :dispatch_time=>0.027714, :before_filters_time=>0.002365, :action_time=>0.027329}
 ~ 

